
> nexcom-ai-production@1.0.0 start
> node src/index.js


🤖 NexcomAI Production v1.0.0
   SMS:       POST /sms
   WhatsApp:  POST /webhook/whatsapp
   Facebook:  POST /webhook/facebook
   Telegram:  POST /webhook/telegram
   Dashboard: GET /dashboard
   API:       GET /api/conversations
   Port:      3002

✅ Ready to receive messages!

✅ Connected to database: /home/fiber/.openclaw/workspace/research/nexcom-ai-production/nexcom.db
✅ Database schema initialized
📱 SMS from +17275551234: Hello NexcomAI
❌ SMS handler error: RestException [Error]: The number +1727555XXXX is unverified. Trial accounts cannot send messages to unverified numbers; verify +1727555XXXX at twilio.com/user/account/phone-numbers/verified, or purchase a Twilio number to send messages to unverified numbers
    at success (/home/fiber/.openclaw/workspace/research/nexcom-ai-production/node_modules/twilio/lib/base/Version.js:79:23)
    at process.processTicksAndRejections (node:internal/process/task_queues:103:5)
    at async /home/fiber/.openclaw/workspace/research/nexcom-ai-production/src/routes/sms.route.js:132:5 {
  status: 400,
  code: 21608,
  moreInfo: 'https://www.twilio.com/docs/errors/21608',
  details: undefined
}
